生成启动时间为 2016/12/5 19:30:25。
     1>项目“C:\Users\test\Documents\Visual Studio 2015\Projects\Line64\Line64\Line64.vcxproj”在节点 2 上(Build 个目标)。
     1>_MASM:
         Assembling essential.asm...
         cmd.exe /C "C:\Users\test\AppData\Local\Temp\tmpe6ee6760b0ae42fb82c845a3f9ae2181.cmd"
         ml64.exe /c /nologo /Zi /Fo"x64\Release\essential.obj" /W3 /errorReport:prompt  /Taessential.asm
       Link:
         C:\Program Files (x86)\Microsoft Visual Studio 14.0\VC\bin\x86_amd64\link.exe /ERRORREPORT:PROMPT /OUT:"C:\Users\test\Documents\Visual Studio 2015\Projects\Line64\x64\Release\Line64.exe" /INCREMENTAL:NO /NOLOGO kernel32.lib user32.lib gdi32.lib winspool.lib comdlg32.lib advapi32.lib shell32.lib ole32.lib oleaut32.lib uuid.lib odbc32.lib odbccp32.lib /MANIFEST /MANIFESTUAC:"level='asInvoker' uiAccess='false'" /manifest:embed /Debug /PDB:"C:\Users\test\Documents\Visual Studio 2015\Projects\Line64\x64\Release\Line64.pdb" /SUBSYSTEM:CONSOLE /OPT:REF /OPT:ICF /LTCG:incremental /TLBID:1 /DYNAMICBASE /NXCOMPAT /IMPLIB:"C:\Users\test\Documents\Visual Studio 2015\Projects\Line64\x64\Release\Line64.lib" /MACHINE:X64 x64\Release\elfloader64.obj
         x64\Release\funcs.obj
         x64\Release\main.obj
         x64\Release\symbol.obj
         x64\Release\essential.obj
         正在生成代码
         0 of 15 functions ( 0.0%) were compiled, the rest were copied from previous compilation.
           0 functions were new in current compilation
           0 functions had inline decision re-evaluated but remain unchanged
         已完成代码的生成
         Line64.vcxproj -> C:\Users\test\Documents\Visual Studio 2015\Projects\Line64\x64\Release\Line64.exe
     1>已完成生成项目“C:\Users\test\Documents\Visual Studio 2015\Projects\Line64\Line64\Line64.vcxproj”(Build 个目标)的操作。

已成功生成。

已用时间 00:00:00.43
